<?xml version="1.0" encoding="UTF-8"?>
<testng-results ignored="0" total="1" passed="1" failed="0" skipped="0">
  <reporter-output>
    <line>
      <![CDATA[TY_PROJ_655 data in response body]]>
    </line>
    <line>
      <![CDATA[TY_PROJ_655 data in database]]>
    </line>
    <line>
      <![CDATA[Data verification successful]]>
    </line>
  </reporter-output>
  <suite started-at="2022-02-12T17:36:24 IST" name="Default suite" finished-at="2022-02-12T17:36:25 IST" duration-ms="1481">
    <groups>
    </groups>
    <test started-at="2022-02-12T17:36:24 IST" name="Default test" finished-at="2022-02-12T17:36:25 IST" duration-ms="1481">
      <class name="com.RMGYANTRATests.CreateResourceandverifyindatabase">
        <test-method is-config="true" signature="bsconfig()[pri:0, instance:com.RMGYANTRATests.CreateResourceandverifyindatabase@7ea9e1e2]" started-at="2022-02-12T17:36:23 IST" name="bsconfig" finished-at="2022-02-12T17:36:24 IST" duration-ms="638" status="PASS">
          <reporter-output>
          </reporter-output>
        </test-method> <!-- bsconfig -->
        <test-method signature="createresourceverifyinDb()[pri:0, instance:com.RMGYANTRATests.CreateResourceandverifyindatabase@7ea9e1e2]" started-at="2022-02-12T17:36:24 IST" name="createresourceverifyinDb" finished-at="2022-02-12T17:36:25 IST" duration-ms="1451" status="PASS">
          <reporter-output>
            <line>
              <![CDATA[TY_PROJ_655 data in response body]]>
            </line>
            <line>
              <![CDATA[TY_PROJ_655 data in database]]>
            </line>
            <line>
              <![CDATA[Data verification successful]]>
            </line>
          </reporter-output>
        </test-method> <!-- createresourceverifyinDb -->
        <test-method is-config="true" signature="asconfig()[pri:0, instance:com.RMGYANTRATests.CreateResourceandverifyindatabase@7ea9e1e2]" started-at="2022-02-12T17:36:25 IST" name="asconfig" finished-at="2022-02-12T17:36:25 IST" duration-ms="6" status="PASS">
          <reporter-output>
          </reporter-output>
        </test-method> <!-- asconfig -->
      </class> <!-- com.RMGYANTRATests.CreateResourceandverifyindatabase -->
    </test> <!-- Default test -->
  </suite> <!-- Default suite -->
</testng-results>
